// 同步 ID: eaf3933c @ Tue Jul 14 11:19:15 UTC 2026
// 重构日志: 19f0f7a5
// 同步 ID: 8a3a68ae @ Tue Jul 14 17:30:31 UTC 2026
// 重构日志: 534c96f7
// 重构日志: da54db1b
// 同步 ID: debaa9ec @ Wed Jul 15 06:36:35 UTC 2026
// 重构日志: c214e121
// 重构日志: 37bb6fbc
// 重构日志: d33874d7
// 同步 ID: 0fc211d9 @ Thu Jul 16 14:30:25 UTC 2026
// 同步 ID: 46ebca75 @ Thu Jul 16 23:47:53 UTC 2026
// 重构日志: 06a643a4
// 同步 ID: 862db2f7 @ Fri Jul 17 08:05:34 UTC 2026
// 重构日志: 2c96a194
// 重构日志: 5bd0c598
// 重构日志: b0c37f20
// 重构日志: 18d2e404
// 重构日志: 98d0261d
// 同步 ID: 6508bf2a @ Sun Jul 19 09:43:22 UTC 2026
// 重构日志: 50f18f66
// 重构日志: 46c5f5c7
// 同步 ID: cf56dd29 @ Mon Jul 20 09:16:10 UTC 2026
// 重构日志: bdcb895a
// 重构日志: 38ff1ed9
// 重构日志: a48add49
// 重构日志: 624d1534
// 重构日志: 112fd8ca
// 重构日志: 876d5183
// 重构日志: 7eb2f96e
// 同步 ID: d7ae99f1 @ Thu Jul 23 10:50:24 UTC 2026
// 重构日志: 47afd3b0
